2024/06/30 21:03:19 INFO  - jmeter.util.JMeterUtils: Setting Locale to en 
2024/06/30 21:03:19 INFO  - jmeter.JMeter: Loading user properties from: /usr/share/jmeter/bin/user.properties 
2024/06/30 21:03:19 INFO  - jmeter.JMeter: Loading system properties from: /usr/share/jmeter/bin/system.properties 
2024/06/30 21:03:20 INFO  - jmeter.JMeter: Copyright (c) 1998-2015 The Apache Software Foundation 
2024/06/30 21:03:20 INFO  - jmeter.JMeter: Version 2.13.19691222 
2024/06/30 21:03:20 INFO  - jmeter.JMeter: java.version=11.0.23 
2024/06/30 21:03:20 INFO  - jmeter.JMeter: java.vm.name=OpenJDK 64-Bit Server VM 
2024/06/30 21:03:20 INFO  - jmeter.JMeter: os.name=Linux 
2024/06/30 21:03:20 INFO  - jmeter.JMeter: os.arch=amd64 
2024/06/30 21:03:20 INFO  - jmeter.JMeter: os.version=5.15.153.1-microsoft-standard-WSL2 
2024/06/30 21:03:20 INFO  - jmeter.JMeter: file.encoding=UTF-8 
2024/06/30 21:03:20 INFO  - jmeter.JMeter: Default Locale=English 
2024/06/30 21:03:20 INFO  - jmeter.JMeter: JMeter  Locale=English 
2024/06/30 21:03:20 INFO  - jmeter.JMeter: JMeterHome=/usr/share/jmeter 
2024/06/30 21:03:20 INFO  - jmeter.JMeter: user.dir  =/home/marty2/kubernetes-autoscaler 
2024/06/30 21:03:20 INFO  - jmeter.JMeter: PWD       =/home/marty2/kubernetes-autoscaler 
2024/06/30 21:03:20 INFO  - jmeter.JMeter: IP: 127.0.1.1 Name: DESKTOP-2HPJ2UG FullName: DESKTOP-2HPJ2UG. 
2024/06/30 21:03:20 INFO  - jmeter.gui.action.LookAndFeelCommand: Using look and feel: javax.swing.plaf.metal.MetalLookAndFeel [Metal, CrossPlatform, System] 
2024/06/30 21:03:20 INFO  - jmeter.JMeter: Loaded icon properties from org/apache/jmeter/images/icon.properties 
2024/06/30 21:03:20 INFO  - jmeter.engine.util.CompoundVariable: Note: Function class names must contain the string: '.functions.' 
2024/06/30 21:03:20 INFO  - jmeter.engine.util.CompoundVariable: Note: Function class names must not contain the string: '.gui.' 
2024/06/30 21:03:21 INFO  - jmeter.util.BSFTestElement: Registering JMeter version of JavaScript engine as work-round for BSF-22 
2024/06/30 21:03:21 INFO  - jmeter.protocol.http.sampler.HTTPSamplerBase: Cannot find .className property for htmlParser, using default 
2024/06/30 21:03:21 INFO  - jmeter.protocol.http.sampler.HTTPSamplerBase: Parser for text/html is  
2024/06/30 21:03:21 INFO  - jmeter.protocol.http.sampler.HTTPSamplerBase: Parser for application/xhtml+xml is  
2024/06/30 21:03:21 INFO  - jmeter.protocol.http.sampler.HTTPSamplerBase: Parser for application/xml is  
2024/06/30 21:03:21 INFO  - jmeter.protocol.http.sampler.HTTPSamplerBase: Parser for text/xml is  
2024/06/30 21:03:21 INFO  - jmeter.protocol.http.sampler.HTTPSamplerBase: Parser for text/vnd.wap.wml is org.apache.jmeter.protocol.http.parser.RegexpHTMLParser 
2024/06/30 21:03:21 INFO  - jmeter.gui.util.MenuFactory: Skipping org.apache.jmeter.protocol.http.modifier.gui.ParamModifierGui 
2024/06/30 21:03:22 INFO  - jorphan.exec.KeyToolUtils: keytool found at 'keytool' 
2024/06/30 21:03:22 INFO  - jmeter.protocol.http.proxy.ProxyControl: HTTP(S) Test Script Recorder SSL Proxy will use keys that support embedded 3rd party resources in file /usr/share/jmeter/bin/proxyserver.jks 
2024/06/30 21:03:22 INFO  - jmeter.samplers.SampleResult: Note: Sample TimeStamps are START times 
2024/06/30 21:03:22 INFO  - jmeter.samplers.SampleResult: sampleresult.default.encoding is set to ISO-8859-1 
2024/06/30 21:03:22 INFO  - jmeter.samplers.SampleResult: sampleresult.useNanoTime=true 
2024/06/30 21:03:22 INFO  - jmeter.samplers.SampleResult: sampleresult.nanoThreadSleep=5000 
2024/06/30 21:03:31 INFO  - jmeter.services.FileServer: Default base='/home/marty2/kubernetes-autoscaler' 
2024/06/30 21:03:46 INFO  - jmeter.gui.action.Load: Loading file: /home/marty2/snap/postman/259/Postman/files/HTTP Request.jmx 
2024/06/30 21:03:46 INFO  - jmeter.services.FileServer: Set new base='/home/marty2/snap/postman/259/Postman/files' 
2024/06/30 21:03:46 INFO  - jmeter.save.SaveService: Testplan (JMX) version: 2.2. Testlog (JTL) version: 2.2 
2024/06/30 21:03:46 INFO  - jmeter.save.SaveService: Using SaveService properties version 2.8 
2024/06/30 21:03:46 INFO  - jmeter.save.SaveService: Using SaveService properties file version 1656252 
2024/06/30 21:03:46 INFO  - jmeter.save.SaveService: Using SaveService properties file encoding UTF-8 
2024/06/30 21:03:46 INFO  - jmeter.save.SaveService: All converter versions present and correct 
2024/06/30 21:03:46 INFO  - jmeter.save.SaveService: Loading file: /home/marty2/snap/postman/259/Postman/files/HTTP Request.jmx 
2024/06/30 21:03:46 WARN  - jmeter.gui.action.Load: Unexpected error com.thoughtworks.xstream.security.ForbiddenClassException: org.apache.jmeter.save.ScriptWrapper
	at com.thoughtworks.xstream.security.NoTypePermission.allows(NoTypePermission.java:26)
	at com.thoughtworks.xstream.mapper.SecurityMapper.realClass(SecurityMapper.java:74)
	at com.thoughtworks.xstream.mapper.MapperWrapper.realClass(MapperWrapper.java:125)
	at org.apache.jmeter.save.SaveService$XStreamWrapper$1.realClass(SaveService.java:94)
	at com.thoughtworks.xstream.mapper.MapperWrapper.realClass(MapperWrapper.java:125)
	at com.thoughtworks.xstream.mapper.CachingMapper.realClass(CachingMapper.java:47)
	at com.thoughtworks.xstream.core.util.HierarchicalStreams.readClassType(HierarchicalStreams.java:29)
	at com.thoughtworks.xstream.core.TreeUnmarshaller.start(TreeUnmarshaller.java:133)
	at com.thoughtworks.xstream.core.AbstractTreeMarshallingStrategy.unmarshal(AbstractTreeMarshallingStrategy.java:32)
	at com.thoughtworks.xstream.XStream.unmarshal(XStream.java:1392)
	at com.thoughtworks.xstream.XStream.unmarshal(XStream.java:1377)
	at com.thoughtworks.xstream.XStream.fromXML(XStream.java:1262)
	at org.apache.jmeter.save.SaveService.readTree(SaveService.java:559)
	at org.apache.jmeter.save.SaveService.loadTree(SaveService.java:537)
	at org.apache.jmeter.gui.action.Load.loadProjectFile(Load.java:130)
	at org.apache.jmeter.gui.action.Load.loadProjectFile(Load.java:102)
	at org.apache.jmeter.gui.action.Load.doAction(Load.java:89)
	at org.apache.jmeter.gui.action.ActionRouter.performAction(ActionRouter.java:81)
	at org.apache.jmeter.gui.action.ActionRouter.access$000(ActionRouter.java:40)
	at org.apache.jmeter.gui.action.ActionRouter$1.run(ActionRouter.java:63)
	at java.desktop/java.awt.event.InvocationEvent.dispatch(InvocationEvent.java:313)
	at java.desktop/java.awt.EventQueue.dispatchEventImpl(EventQueue.java:770)
	at java.desktop/java.awt.EventQueue$4.run(EventQueue.java:721)
	at java.desktop/java.awt.EventQueue$4.run(EventQueue.java:715)
	at java.base/java.security.AccessController.doPrivileged(Native Method)
	at java.base/java.security.ProtectionDomain$JavaSecurityAccessImpl.doIntersectionPrivilege(ProtectionDomain.java:85)
	at java.desktop/java.awt.EventQueue.dispatchEvent(EventQueue.java:740)
	at java.desktop/java.awt.EventDispatchThread.pumpOneEventForFilters(EventDispatchThread.java:203)
	at java.desktop/java.awt.EventDispatchThread.pumpEventsForFilter(EventDispatchThread.java:124)
	at java.desktop/java.awt.EventDispatchThread.pumpEventsForHierarchy(EventDispatchThread.java:113)
	at java.desktop/java.awt.EventDispatchThread.pumpEvents(EventDispatchThread.java:109)
	at java.desktop/java.awt.EventDispatchThread.pumpEvents(EventDispatchThread.java:101)
	at java.desktop/java.awt.EventDispatchThread.run(EventDispatchThread.java:90)

2024/06/30 21:08:00 INFO  - jmeter.services.FileServer: Set new base='/home/marty2' 
2024/06/30 21:08:24 INFO  - jmeter.engine.StandardJMeterEngine: Listeners will be started after enabling running version 
2024/06/30 21:08:24 INFO  - jmeter.engine.StandardJMeterEngine: To revert to the earlier behaviour, define jmeterengine.startlistenerslater=false 
2024/06/30 21:08:24 INFO  - jmeter.engine.StandardJMeterEngine: Running the test! 
2024/06/30 21:08:24 INFO  - jmeter.samplers.SampleEvent: List of sample_variables: [] 
2024/06/30 21:08:24 INFO  - jmeter.samplers.SampleEvent: List of sample_variables: [] 
2024/06/30 21:08:24 INFO  - jmeter.gui.util.JMeterMenuBar: setRunning(true,*local*) 
2024/06/30 21:08:24 INFO  - jmeter.engine.StandardJMeterEngine: Starting ThreadGroup: 1 : Thread Group 
2024/06/30 21:08:24 INFO  - jmeter.engine.StandardJMeterEngine: Starting 1 threads for group Thread Group. 
2024/06/30 21:08:24 INFO  - jmeter.engine.StandardJMeterEngine: Thread will continue on error 
2024/06/30 21:08:24 INFO  - jmeter.threads.ThreadGroup: Starting thread group number 1 threads 1 ramp-up 1 perThread 1000.0 delayedStart=false 
2024/06/30 21:08:24 INFO  - jmeter.threads.JMeterThread: jmeterthread.startearlier=true (see jmeter.properties) 
2024/06/30 21:08:24 INFO  - jmeter.threads.JMeterThread: Running PostProcessors in forward order 
2024/06/30 21:08:24 INFO  - jmeter.threads.ThreadGroup: Started thread group number 1 
2024/06/30 21:08:24 INFO  - jmeter.engine.StandardJMeterEngine: All thread groups have been started 
2024/06/30 21:08:24 INFO  - jmeter.threads.JMeterThread: Thread started: Thread Group 1-1 
2024/06/30 21:08:24 INFO  - jmeter.protocol.http.sampler.HTTPHCAbstractImpl: Local host = DESKTOP-2HPJ2UG 
2024/06/30 21:08:24 INFO  - jmeter.protocol.http.sampler.HTTPHC4Impl: HTTP request retry count = 0 
2024/06/30 21:08:24 INFO  - jmeter.protocol.http.sampler.HTTPHC4Impl: Setting up HTTPS TrustAll scheme 
2024/06/30 21:08:24 INFO  - jmeter.util.JsseSSLManager: Using default SSL protocol: TLS 
2024/06/30 21:08:24 INFO  - jmeter.util.JsseSSLManager: SSL session context: per-thread 
2024/06/30 21:08:24 INFO  - jmeter.threads.JMeterThread: Thread is done: Thread Group 1-1 
2024/06/30 21:08:24 INFO  - jmeter.threads.JMeterThread: Thread finished: Thread Group 1-1 
2024/06/30 21:08:24 INFO  - jmeter.engine.StandardJMeterEngine: Notifying test listeners of end of test 
2024/06/30 21:08:24 INFO  - jmeter.gui.util.JMeterMenuBar: setRunning(false,*local*) 
2024/06/30 21:09:00 INFO  - jmeter.engine.StandardJMeterEngine: Running the test! 
2024/06/30 21:09:00 INFO  - jmeter.samplers.SampleEvent: List of sample_variables: [] 
2024/06/30 21:09:00 INFO  - jmeter.gui.util.JMeterMenuBar: setRunning(true,*local*) 
2024/06/30 21:09:00 INFO  - jmeter.engine.StandardJMeterEngine: Starting ThreadGroup: 1 : Thread Group 
2024/06/30 21:09:00 INFO  - jmeter.engine.StandardJMeterEngine: Starting 1 threads for group Thread Group. 
2024/06/30 21:09:00 INFO  - jmeter.engine.StandardJMeterEngine: Thread will continue on error 
2024/06/30 21:09:00 INFO  - jmeter.threads.ThreadGroup: Starting thread group number 1 threads 1 ramp-up 1 perThread 1000.0 delayedStart=false 
2024/06/30 21:09:00 INFO  - jmeter.threads.ThreadGroup: Started thread group number 1 
2024/06/30 21:09:00 INFO  - jmeter.engine.StandardJMeterEngine: All thread groups have been started 
2024/06/30 21:09:00 INFO  - jmeter.threads.JMeterThread: Thread started: Thread Group 1-1 
2024/06/30 21:09:00 INFO  - jmeter.threads.JMeterThread: Thread is done: Thread Group 1-1 
2024/06/30 21:09:00 INFO  - jmeter.threads.JMeterThread: Thread finished: Thread Group 1-1 
2024/06/30 21:09:00 INFO  - jmeter.engine.StandardJMeterEngine: Notifying test listeners of end of test 
2024/06/30 21:09:00 INFO  - jmeter.gui.util.JMeterMenuBar: setRunning(false,*local*) 
2024/06/30 21:09:17 INFO  - jmeter.engine.StandardJMeterEngine: Running the test! 
2024/06/30 21:09:17 INFO  - jmeter.samplers.SampleEvent: List of sample_variables: [] 
2024/06/30 21:09:17 INFO  - jmeter.gui.util.JMeterMenuBar: setRunning(true,*local*) 
2024/06/30 21:09:17 INFO  - jmeter.engine.StandardJMeterEngine: Starting ThreadGroup: 1 : Thread Group 
2024/06/30 21:09:17 INFO  - jmeter.engine.StandardJMeterEngine: Starting 1 threads for group Thread Group. 
2024/06/30 21:09:17 INFO  - jmeter.engine.StandardJMeterEngine: Thread will continue on error 
2024/06/30 21:09:17 INFO  - jmeter.threads.ThreadGroup: Starting thread group number 1 threads 1 ramp-up 1 perThread 1000.0 delayedStart=false 
2024/06/30 21:09:17 INFO  - jmeter.threads.ThreadGroup: Started thread group number 1 
2024/06/30 21:09:17 INFO  - jmeter.engine.StandardJMeterEngine: All thread groups have been started 
2024/06/30 21:09:17 INFO  - jmeter.threads.JMeterThread: Thread started: Thread Group 1-1 
2024/06/30 21:09:17 INFO  - jmeter.threads.JMeterThread: Thread is done: Thread Group 1-1 
2024/06/30 21:09:17 INFO  - jmeter.threads.JMeterThread: Thread finished: Thread Group 1-1 
2024/06/30 21:09:17 INFO  - jmeter.engine.StandardJMeterEngine: Notifying test listeners of end of test 
2024/06/30 21:09:17 INFO  - jmeter.gui.util.JMeterMenuBar: setRunning(false,*local*) 
2024/06/30 21:10:10 INFO  - jmeter.engine.StandardJMeterEngine: Running the test! 
2024/06/30 21:10:10 INFO  - jmeter.samplers.SampleEvent: List of sample_variables: [] 
2024/06/30 21:10:10 INFO  - jmeter.gui.util.JMeterMenuBar: setRunning(true,*local*) 
2024/06/30 21:10:10 INFO  - jmeter.engine.StandardJMeterEngine: Starting ThreadGroup: 1 : Thread Group 
2024/06/30 21:10:10 INFO  - jmeter.engine.StandardJMeterEngine: Starting 1 threads for group Thread Group. 
2024/06/30 21:10:10 INFO  - jmeter.engine.StandardJMeterEngine: Thread will continue on error 
2024/06/30 21:10:10 INFO  - jmeter.threads.ThreadGroup: Starting thread group number 1 threads 1 ramp-up 1 perThread 1000.0 delayedStart=false 
2024/06/30 21:10:10 INFO  - jmeter.threads.ThreadGroup: Started thread group number 1 
2024/06/30 21:10:10 INFO  - jmeter.engine.StandardJMeterEngine: All thread groups have been started 
2024/06/30 21:10:10 INFO  - jmeter.threads.JMeterThread: Thread started: Thread Group 1-1 
2024/06/30 21:10:10 INFO  - jmeter.threads.JMeterThread: Thread is done: Thread Group 1-1 
2024/06/30 21:10:10 INFO  - jmeter.threads.JMeterThread: Thread finished: Thread Group 1-1 
2024/06/30 21:10:10 INFO  - jmeter.engine.StandardJMeterEngine: Notifying test listeners of end of test 
2024/06/30 21:10:10 INFO  - jmeter.gui.util.JMeterMenuBar: setRunning(false,*local*) 
2024/06/30 21:11:11 INFO  - jmeter.engine.StandardJMeterEngine: Running the test! 
2024/06/30 21:11:11 INFO  - jmeter.samplers.SampleEvent: List of sample_variables: [] 
2024/06/30 21:11:11 INFO  - jmeter.gui.util.JMeterMenuBar: setRunning(true,*local*) 
2024/06/30 21:11:11 INFO  - jmeter.engine.StandardJMeterEngine: Starting ThreadGroup: 1 : Thread Group 
2024/06/30 21:11:11 INFO  - jmeter.engine.StandardJMeterEngine: Starting 1 threads for group Thread Group. 
2024/06/30 21:11:11 INFO  - jmeter.engine.StandardJMeterEngine: Thread will continue on error 
2024/06/30 21:11:11 INFO  - jmeter.threads.ThreadGroup: Starting thread group number 1 threads 1 ramp-up 1 perThread 1000.0 delayedStart=false 
2024/06/30 21:11:11 INFO  - jmeter.threads.ThreadGroup: Started thread group number 1 
2024/06/30 21:11:11 INFO  - jmeter.engine.StandardJMeterEngine: All thread groups have been started 
2024/06/30 21:11:11 INFO  - jmeter.threads.JMeterThread: Thread started: Thread Group 1-1 
2024/06/30 21:11:11 INFO  - jmeter.threads.JMeterThread: Thread is done: Thread Group 1-1 
2024/06/30 21:11:11 INFO  - jmeter.threads.JMeterThread: Thread finished: Thread Group 1-1 
2024/06/30 21:11:11 INFO  - jmeter.engine.StandardJMeterEngine: Notifying test listeners of end of test 
2024/06/30 21:11:11 INFO  - jmeter.gui.util.JMeterMenuBar: setRunning(false,*local*) 
2024/06/30 21:12:24 INFO  - jmeter.engine.StandardJMeterEngine: Running the test! 
2024/06/30 21:12:24 INFO  - jmeter.samplers.SampleEvent: List of sample_variables: [] 
2024/06/30 21:12:24 INFO  - jmeter.gui.util.JMeterMenuBar: setRunning(true,*local*) 
2024/06/30 21:12:24 INFO  - jmeter.engine.StandardJMeterEngine: Starting ThreadGroup: 1 : Thread Group 
2024/06/30 21:12:24 INFO  - jmeter.engine.StandardJMeterEngine: Starting 1 threads for group Thread Group. 
2024/06/30 21:12:24 INFO  - jmeter.engine.StandardJMeterEngine: Thread will continue on error 
2024/06/30 21:12:24 INFO  - jmeter.threads.ThreadGroup: Starting thread group number 1 threads 1 ramp-up 1 perThread 1000.0 delayedStart=false 
2024/06/30 21:12:24 INFO  - jmeter.threads.ThreadGroup: Started thread group number 1 
2024/06/30 21:12:24 INFO  - jmeter.engine.StandardJMeterEngine: Starting ThreadGroup: 2 : Thread Group 
2024/06/30 21:12:24 INFO  - jmeter.engine.StandardJMeterEngine: Starting 1 threads for group Thread Group. 
2024/06/30 21:12:24 INFO  - jmeter.engine.StandardJMeterEngine: Thread will continue on error 
2024/06/30 21:12:24 INFO  - jmeter.threads.ThreadGroup: Starting thread group number 2 threads 1 ramp-up 1 perThread 1000.0 delayedStart=false 
2024/06/30 21:12:24 INFO  - jmeter.threads.JMeterThread: Thread started: Thread Group 1-1 
2024/06/30 21:12:24 INFO  - jmeter.threads.ThreadGroup: Started thread group number 2 
2024/06/30 21:12:24 INFO  - jmeter.engine.StandardJMeterEngine: All thread groups have been started 
2024/06/30 21:12:24 INFO  - jmeter.threads.JMeterThread: Thread started: Thread Group 2-1 
2024/06/30 21:12:24 INFO  - jmeter.threads.JMeterThread: Thread is done: Thread Group 2-1 
2024/06/30 21:12:24 INFO  - jmeter.threads.JMeterThread: Thread finished: Thread Group 2-1 
2024/06/30 21:12:24 INFO  - jmeter.threads.JMeterThread: Thread is done: Thread Group 1-1 
2024/06/30 21:12:24 INFO  - jmeter.threads.JMeterThread: Thread finished: Thread Group 1-1 
2024/06/30 21:12:24 INFO  - jmeter.engine.StandardJMeterEngine: Notifying test listeners of end of test 
2024/06/30 21:12:24 INFO  - jmeter.gui.util.JMeterMenuBar: setRunning(false,*local*) 
2024/06/30 21:13:29 INFO  - jmeter.engine.StandardJMeterEngine: Running the test! 
2024/06/30 21:13:29 INFO  - jmeter.samplers.SampleEvent: List of sample_variables: [] 
2024/06/30 21:13:29 INFO  - jmeter.gui.util.JMeterMenuBar: setRunning(true,*local*) 
2024/06/30 21:13:29 INFO  - jmeter.engine.StandardJMeterEngine: Starting ThreadGroup: 1 : Thread Group 
2024/06/30 21:13:29 INFO  - jmeter.engine.StandardJMeterEngine: Starting 1 threads for group Thread Group. 
2024/06/30 21:13:29 INFO  - jmeter.engine.StandardJMeterEngine: Thread will continue on error 
2024/06/30 21:13:29 INFO  - jmeter.threads.ThreadGroup: Starting thread group number 1 threads 1 ramp-up 1 perThread 1000.0 delayedStart=false 
2024/06/30 21:13:29 INFO  - jmeter.threads.ThreadGroup: Started thread group number 1 
2024/06/30 21:13:29 INFO  - jmeter.engine.StandardJMeterEngine: Starting ThreadGroup: 2 : Thread Group 
2024/06/30 21:13:29 INFO  - jmeter.engine.StandardJMeterEngine: Starting 1 threads for group Thread Group. 
2024/06/30 21:13:29 INFO  - jmeter.engine.StandardJMeterEngine: Thread will continue on error 
2024/06/30 21:13:29 INFO  - jmeter.threads.ThreadGroup: Starting thread group number 2 threads 1 ramp-up 1 perThread 1000.0 delayedStart=false 
2024/06/30 21:13:29 INFO  - jmeter.threads.ThreadGroup: Started thread group number 2 
2024/06/30 21:13:29 INFO  - jmeter.engine.StandardJMeterEngine: All thread groups have been started 
2024/06/30 21:13:29 INFO  - jmeter.threads.JMeterThread: Thread started: Thread Group 1-1 
2024/06/30 21:13:29 INFO  - jmeter.threads.JMeterThread: Thread started: Thread Group 2-1 
2024/06/30 21:13:29 INFO  - jmeter.threads.JMeterThread: Thread is done: Thread Group 2-1 
2024/06/30 21:13:29 INFO  - jmeter.threads.JMeterThread: Thread finished: Thread Group 2-1 
2024/06/30 21:13:29 INFO  - jmeter.threads.JMeterThread: Thread is done: Thread Group 1-1 
2024/06/30 21:13:29 INFO  - jmeter.threads.JMeterThread: Thread finished: Thread Group 1-1 
2024/06/30 21:13:29 INFO  - jmeter.engine.StandardJMeterEngine: Notifying test listeners of end of test 
2024/06/30 21:13:29 INFO  - jmeter.gui.util.JMeterMenuBar: setRunning(false,*local*) 
2024/06/30 21:13:53 INFO  - jmeter.engine.StandardJMeterEngine: Running the test! 
2024/06/30 21:13:53 INFO  - jmeter.samplers.SampleEvent: List of sample_variables: [] 
2024/06/30 21:13:53 INFO  - jmeter.gui.util.JMeterMenuBar: setRunning(true,*local*) 
2024/06/30 21:13:53 INFO  - jmeter.engine.StandardJMeterEngine: Starting ThreadGroup: 1 : Thread Group 
2024/06/30 21:13:53 INFO  - jmeter.engine.StandardJMeterEngine: Starting 1 threads for group Thread Group. 
2024/06/30 21:13:53 INFO  - jmeter.engine.StandardJMeterEngine: Thread will continue on error 
2024/06/30 21:13:53 INFO  - jmeter.threads.ThreadGroup: Starting thread group number 1 threads 1 ramp-up 1 perThread 1000.0 delayedStart=false 
2024/06/30 21:13:53 INFO  - jmeter.threads.ThreadGroup: Started thread group number 1 
2024/06/30 21:13:53 INFO  - jmeter.engine.StandardJMeterEngine: Starting ThreadGroup: 2 : Thread Group 
2024/06/30 21:13:53 INFO  - jmeter.engine.StandardJMeterEngine: Starting 1 threads for group Thread Group. 
2024/06/30 21:13:53 INFO  - jmeter.engine.StandardJMeterEngine: Thread will continue on error 
2024/06/30 21:13:53 INFO  - jmeter.threads.ThreadGroup: Starting thread group number 2 threads 1 ramp-up 1 perThread 1000.0 delayedStart=false 
2024/06/30 21:13:53 INFO  - jmeter.threads.ThreadGroup: Started thread group number 2 
2024/06/30 21:13:53 INFO  - jmeter.engine.StandardJMeterEngine: All thread groups have been started 
2024/06/30 21:13:53 INFO  - jmeter.threads.JMeterThread: Thread started: Thread Group 2-1 
2024/06/30 21:13:53 INFO  - jmeter.threads.JMeterThread: Thread started: Thread Group 1-1 
2024/06/30 21:13:53 INFO  - jmeter.threads.JMeterThread: Thread is done: Thread Group 2-1 
2024/06/30 21:13:53 INFO  - jmeter.threads.JMeterThread: Thread finished: Thread Group 2-1 
2024/06/30 21:13:53 INFO  - jmeter.threads.JMeterThread: Thread is done: Thread Group 1-1 
2024/06/30 21:13:53 INFO  - jmeter.threads.JMeterThread: Thread finished: Thread Group 1-1 
2024/06/30 21:13:53 INFO  - jmeter.engine.StandardJMeterEngine: Notifying test listeners of end of test 
2024/06/30 21:13:53 INFO  - jmeter.gui.util.JMeterMenuBar: setRunning(false,*local*) 
2024/06/30 21:18:08 INFO  - jmeter.engine.StandardJMeterEngine: Running the test! 
2024/06/30 21:18:08 INFO  - jmeter.samplers.SampleEvent: List of sample_variables: [] 
2024/06/30 21:18:08 INFO  - jmeter.gui.util.JMeterMenuBar: setRunning(true,*local*) 
2024/06/30 21:18:08 INFO  - jmeter.engine.StandardJMeterEngine: Starting ThreadGroup: 1 : Thread Group 
2024/06/30 21:18:08 INFO  - jmeter.engine.StandardJMeterEngine: Starting 1 threads for group Thread Group. 
2024/06/30 21:18:08 INFO  - jmeter.engine.StandardJMeterEngine: Thread will continue on error 
2024/06/30 21:18:08 INFO  - jmeter.threads.ThreadGroup: Starting thread group number 1 threads 1 ramp-up 1 perThread 1000.0 delayedStart=false 
2024/06/30 21:18:08 INFO  - jmeter.threads.ThreadGroup: Started thread group number 1 
2024/06/30 21:18:08 INFO  - jmeter.engine.StandardJMeterEngine: Starting ThreadGroup: 2 : Thread Group 
2024/06/30 21:18:08 INFO  - jmeter.engine.StandardJMeterEngine: Starting 1 threads for group Thread Group. 
2024/06/30 21:18:08 INFO  - jmeter.engine.StandardJMeterEngine: Thread will continue on error 
2024/06/30 21:18:08 INFO  - jmeter.threads.ThreadGroup: Starting thread group number 2 threads 1 ramp-up 1 perThread 1000.0 delayedStart=false 
2024/06/30 21:18:08 INFO  - jmeter.threads.JMeterThread: Thread started: Thread Group 1-1 
2024/06/30 21:18:08 INFO  - jmeter.threads.ThreadGroup: Started thread group number 2 
2024/06/30 21:18:08 INFO  - jmeter.engine.StandardJMeterEngine: All thread groups have been started 
2024/06/30 21:18:08 INFO  - jmeter.threads.JMeterThread: Thread started: Thread Group 2-1 
2024/06/30 21:18:08 INFO  - jmeter.threads.JMeterThread: Thread is done: Thread Group 2-1 
2024/06/30 21:18:08 INFO  - jmeter.threads.JMeterThread: Thread finished: Thread Group 2-1 
2024/06/30 21:18:41 INFO  - jmeter.threads.JMeterThread: Thread is done: Thread Group 1-1 
2024/06/30 21:18:41 INFO  - jmeter.threads.JMeterThread: Thread finished: Thread Group 1-1 
2024/06/30 21:18:41 INFO  - jmeter.engine.StandardJMeterEngine: Notifying test listeners of end of test 
2024/06/30 21:18:41 INFO  - jmeter.gui.util.JMeterMenuBar: setRunning(false,*local*) 
2024/06/30 21:18:57 INFO  - jmeter.engine.StandardJMeterEngine: Running the test! 
2024/06/30 21:18:57 INFO  - jmeter.samplers.SampleEvent: List of sample_variables: [] 
2024/06/30 21:18:57 INFO  - jmeter.gui.util.JMeterMenuBar: setRunning(true,*local*) 
2024/06/30 21:18:57 INFO  - jmeter.engine.StandardJMeterEngine: Starting ThreadGroup: 1 : Thread Group 
2024/06/30 21:18:57 INFO  - jmeter.engine.StandardJMeterEngine: Starting 10 threads for group Thread Group. 
2024/06/30 21:18:57 INFO  - jmeter.engine.StandardJMeterEngine: Thread will continue on error 
2024/06/30 21:18:57 INFO  - jmeter.threads.ThreadGroup: Starting thread group number 1 threads 10 ramp-up 1 perThread 100.0 delayedStart=false 
2024/06/30 21:18:57 INFO  - jmeter.threads.JMeterThread: Thread started: Thread Group 1-1 
2024/06/30 21:18:57 INFO  - jmeter.threads.ThreadGroup: Started thread group number 1 
2024/06/30 21:18:57 INFO  - jmeter.engine.StandardJMeterEngine: Starting ThreadGroup: 2 : Thread Group 
2024/06/30 21:18:57 INFO  - jmeter.engine.StandardJMeterEngine: Starting 1 threads for group Thread Group. 
2024/06/30 21:18:57 INFO  - jmeter.engine.StandardJMeterEngine: Thread will continue on error 
2024/06/30 21:18:57 INFO  - jmeter.threads.ThreadGroup: Starting thread group number 2 threads 1 ramp-up 1 perThread 1000.0 delayedStart=false 
2024/06/30 21:18:57 INFO  - jmeter.threads.ThreadGroup: Started thread group number 2 
2024/06/30 21:18:57 INFO  - jmeter.engine.StandardJMeterEngine: All thread groups have been started 
2024/06/30 21:18:57 INFO  - jmeter.threads.JMeterThread: Thread started: Thread Group 2-1 
2024/06/30 21:18:57 INFO  - jmeter.threads.JMeterThread: Thread started: Thread Group 1-2 
2024/06/30 21:18:57 INFO  - jmeter.threads.JMeterThread: Thread started: Thread Group 1-3 
2024/06/30 21:18:58 INFO  - jmeter.threads.JMeterThread: Thread started: Thread Group 1-4 
2024/06/30 21:18:58 INFO  - jmeter.threads.JMeterThread: Thread started: Thread Group 1-5 
2024/06/30 21:18:58 INFO  - jmeter.threads.JMeterThread: Thread started: Thread Group 1-6 
2024/06/30 21:18:58 INFO  - jmeter.threads.JMeterThread: Thread started: Thread Group 1-7 
2024/06/30 21:18:58 INFO  - jmeter.threads.JMeterThread: Thread started: Thread Group 1-8 
2024/06/30 21:18:58 INFO  - jmeter.threads.JMeterThread: Thread started: Thread Group 1-9 
2024/06/30 21:18:58 INFO  - jmeter.threads.JMeterThread: Thread started: Thread Group 1-10 
2024/06/30 21:19:06 INFO  - jmeter.threads.JMeterThread: Thread is done: Thread Group 1-3 
2024/06/30 21:19:06 INFO  - jmeter.threads.JMeterThread: Thread finished: Thread Group 1-3 
2024/06/30 21:19:27 INFO  - jmeter.threads.JMeterThread: Thread is done: Thread Group 1-5 
2024/06/30 21:19:27 INFO  - jmeter.threads.JMeterThread: Thread finished: Thread Group 1-5 
2024/06/30 21:19:27 INFO  - jmeter.threads.JMeterThread: Thread is done: Thread Group 1-1 
2024/06/30 21:19:27 INFO  - jmeter.threads.JMeterThread: Thread finished: Thread Group 1-1 
2024/06/30 21:19:27 INFO  - jmeter.threads.JMeterThread: Thread is done: Thread Group 2-1 
2024/06/30 21:19:27 INFO  - jmeter.threads.JMeterThread: Thread finished: Thread Group 2-1 
2024/06/30 21:19:43 INFO  - jmeter.threads.JMeterThread: Thread is done: Thread Group 1-6 
2024/06/30 21:19:43 INFO  - jmeter.threads.JMeterThread: Thread finished: Thread Group 1-6 
2024/06/30 21:19:44 INFO  - jmeter.threads.JMeterThread: Thread is done: Thread Group 1-2 
2024/06/30 21:19:44 INFO  - jmeter.threads.JMeterThread: Thread finished: Thread Group 1-2 
2024/06/30 21:19:48 INFO  - jmeter.threads.JMeterThread: Thread is done: Thread Group 1-8 
2024/06/30 21:19:48 INFO  - jmeter.threads.JMeterThread: Thread finished: Thread Group 1-8 
2024/06/30 21:19:53 INFO  - jmeter.threads.JMeterThread: Thread is done: Thread Group 1-4 
2024/06/30 21:19:53 INFO  - jmeter.threads.JMeterThread: Thread finished: Thread Group 1-4 
2024/06/30 21:20:00 INFO  - jmeter.threads.JMeterThread: Thread is done: Thread Group 1-9 
2024/06/30 21:20:00 INFO  - jmeter.threads.JMeterThread: Thread finished: Thread Group 1-9 
2024/06/30 21:20:00 INFO  - jmeter.threads.JMeterThread: Thread is done: Thread Group 1-7 
2024/06/30 21:20:00 INFO  - jmeter.threads.JMeterThread: Thread finished: Thread Group 1-7 
2024/06/30 21:20:14 INFO  - jmeter.threads.JMeterThread: Thread is done: Thread Group 1-10 
2024/06/30 21:20:14 INFO  - jmeter.threads.JMeterThread: Thread finished: Thread Group 1-10 
2024/06/30 21:20:14 INFO  - jmeter.engine.StandardJMeterEngine: Notifying test listeners of end of test 
2024/06/30 21:20:14 INFO  - jmeter.gui.util.JMeterMenuBar: setRunning(false,*local*) 
2024/06/30 21:20:40 INFO  - jmeter.engine.StandardJMeterEngine: Running the test! 
2024/06/30 21:20:40 INFO  - jmeter.samplers.SampleEvent: List of sample_variables: [] 
2024/06/30 21:20:40 INFO  - jmeter.gui.util.JMeterMenuBar: setRunning(true,*local*) 
2024/06/30 21:20:41 INFO  - jmeter.engine.StandardJMeterEngine: Starting ThreadGroup: 1 : Thread Group 
2024/06/30 21:20:41 INFO  - jmeter.engine.StandardJMeterEngine: Starting 10 threads for group Thread Group. 
2024/06/30 21:20:41 INFO  - jmeter.engine.StandardJMeterEngine: Thread will continue on error 
2024/06/30 21:20:41 INFO  - jmeter.threads.ThreadGroup: Starting thread group number 1 threads 10 ramp-up 1 perThread 100.0 delayedStart=false 
2024/06/30 21:20:41 INFO  - jmeter.threads.JMeterThread: Thread started: Thread Group 1-1 
2024/06/30 21:20:41 INFO  - jmeter.threads.ThreadGroup: Started thread group number 1 
2024/06/30 21:20:41 INFO  - jmeter.engine.StandardJMeterEngine: Starting ThreadGroup: 2 : Thread Group 
2024/06/30 21:20:41 INFO  - jmeter.engine.StandardJMeterEngine: Starting 1 threads for group Thread Group. 
2024/06/30 21:20:41 INFO  - jmeter.engine.StandardJMeterEngine: Thread will continue on error 
2024/06/30 21:20:41 INFO  - jmeter.threads.ThreadGroup: Starting thread group number 2 threads 1 ramp-up 1 perThread 1000.0 delayedStart=false 
2024/06/30 21:20:41 INFO  - jmeter.threads.ThreadGroup: Started thread group number 2 
2024/06/30 21:20:41 INFO  - jmeter.engine.StandardJMeterEngine: All thread groups have been started 
2024/06/30 21:20:41 INFO  - jmeter.threads.JMeterThread: Thread started: Thread Group 2-1 
2024/06/30 21:20:41 INFO  - jmeter.threads.JMeterThread: Thread is done: Thread Group 2-1 
2024/06/30 21:20:41 INFO  - jmeter.threads.JMeterThread: Thread finished: Thread Group 2-1 
2024/06/30 21:20:41 INFO  - jmeter.threads.JMeterThread: Thread is done: Thread Group 1-1 
2024/06/30 21:20:41 INFO  - jmeter.threads.JMeterThread: Thread finished: Thread Group 1-1 
2024/06/30 21:20:41 INFO  - jmeter.threads.JMeterThread: Thread started: Thread Group 1-2 
2024/06/30 21:20:41 INFO  - jmeter.threads.JMeterThread: Thread is done: Thread Group 1-2 
2024/06/30 21:20:41 INFO  - jmeter.threads.JMeterThread: Thread finished: Thread Group 1-2 
2024/06/30 21:20:41 INFO  - jmeter.threads.JMeterThread: Thread started: Thread Group 1-3 
2024/06/30 21:20:41 INFO  - jmeter.threads.JMeterThread: Thread started: Thread Group 1-4 
2024/06/30 21:20:41 INFO  - jmeter.threads.JMeterThread: Thread is done: Thread Group 1-4 
2024/06/30 21:20:41 INFO  - jmeter.threads.JMeterThread: Thread finished: Thread Group 1-4 
2024/06/30 21:20:41 INFO  - jmeter.threads.JMeterThread: Thread started: Thread Group 1-5 
2024/06/30 21:20:41 INFO  - jmeter.threads.JMeterThread: Thread started: Thread Group 1-6 
2024/06/30 21:20:41 INFO  - jmeter.threads.JMeterThread: Thread started: Thread Group 1-7 
2024/06/30 21:20:41 INFO  - jmeter.threads.JMeterThread: Thread started: Thread Group 1-8 
2024/06/30 21:20:41 INFO  - jmeter.threads.JMeterThread: Thread is done: Thread Group 1-8 
2024/06/30 21:20:41 INFO  - jmeter.threads.JMeterThread: Thread finished: Thread Group 1-8 
2024/06/30 21:20:41 INFO  - jmeter.threads.JMeterThread: Thread started: Thread Group 1-9 
2024/06/30 21:20:41 INFO  - jmeter.threads.JMeterThread: Thread started: Thread Group 1-10 
2024/06/30 21:20:41 INFO  - jmeter.threads.JMeterThread: Thread is done: Thread Group 1-10 
2024/06/30 21:20:41 INFO  - jmeter.threads.JMeterThread: Thread finished: Thread Group 1-10 
2024/06/30 21:21:14 INFO  - jmeter.threads.JMeterThread: Thread is done: Thread Group 1-5 
2024/06/30 21:21:14 INFO  - jmeter.threads.JMeterThread: Thread finished: Thread Group 1-5 
2024/06/30 21:21:15 INFO  - jmeter.threads.JMeterThread: Thread is done: Thread Group 1-3 
2024/06/30 21:21:15 INFO  - jmeter.threads.JMeterThread: Thread finished: Thread Group 1-3 
2024/06/30 21:21:43 INFO  - jmeter.threads.JMeterThread: Thread is done: Thread Group 1-7 
2024/06/30 21:21:43 INFO  - jmeter.threads.JMeterThread: Thread finished: Thread Group 1-7 
2024/06/30 21:21:47 INFO  - jmeter.threads.JMeterThread: Thread is done: Thread Group 1-6 
2024/06/30 21:21:47 INFO  - jmeter.threads.JMeterThread: Thread finished: Thread Group 1-6 
2024/06/30 21:21:55 INFO  - jmeter.threads.JMeterThread: Thread is done: Thread Group 1-9 
2024/06/30 21:21:55 INFO  - jmeter.threads.JMeterThread: Thread finished: Thread Group 1-9 
2024/06/30 21:21:55 INFO  - jmeter.engine.StandardJMeterEngine: Notifying test listeners of end of test 
2024/06/30 21:21:55 INFO  - jmeter.gui.util.JMeterMenuBar: setRunning(false,*local*) 
